<?xml version="1.0" encoding="UTF-8"?>
<!-- Generated by org.testng.reporters.JUnitXMLReporter -->
<testsuite hostname="Admin-PC" ignored="0" name="Default test" tests="3" failures="0" timestamp="16 May 2018 15:39:36 GMT" time="97.403" errors="0">
  <testcase name="LoginPageTitleTest" time="8.61" classname="com.qa.planetfashion.test.LoginTest"/>
  <testcase name="CustomerLoginTest" time="12.338" classname="com.qa.planetfashion.test.LoginTest"/>
  <testcase name="CustomerLoginTest" time="12.41" classname="com.qa.planetfashion.test.LoginTest"/>
</testsuite> <!-- Default test -->
